# JRE version: OpenJDK Runtime Environment Temurin-17.0.1+12 (17.0.1+12) (build 17.0.1+12)
# Java VM: OpenJDK 64-Bit Server VM Temurin-17.0.1+12 (17.0.1+12, mixed mode, tiered, compressed oops, compressed class ptrs, g1 gc, windows-amd64)
GC Precious Log:
 CPUs: 4 total, 4 available
 Memory: 4010M
 Large Page Support: Disabled
 NUMA Support: Disabled
 Compressed Oops: Enabled (32-bit)
 Heap Region Size: 1M
 Heap Min Capacity: 8M
 Heap Initial Capacity: 64M
 Heap Max Capacity: 1004M
 Pre-touch: Disabled
 Parallel Workers: 4
 Concurrent Workers: 1
 Concurrent Refinement Workers: 4
 Periodic GC: Disabled
Heap:
 garbage-first heap   total 28672K, used 16659K [0x00000000c1400000, 0x0000000100000000)
  region size 1024K, 10 young (10240K), 2 survivors (2048K)
 Metaspace       used 33074K, committed 33280K, reserved 1081344K
  class space    used 3976K, committed 4032K, reserved 1048576K
GC Heap History (10 events):
Event: 0.945 GC heap before
{Heap before GC invocations=0 (full 0):
 garbage-first heap   total 65536K, used 13312K [0x00000000c1400000, 0x0000000100000000)
  region size 1024K, 13 young (13312K), 0 survivors (0K)
 Metaspace       used 5364K, committed 5504K, reserved 1056768K
  class space    used 465K, committed 512K, reserved 1048576K
}
Event: 0.952 GC heap after
{Heap after GC invocations=1 (full 0):
 garbage-first heap   total 65536K, used 2692K [0x00000000c1400000, 0x0000000100000000)
  region size 1024K, 2 young (2048K), 2 survivors (2048K)
 Metaspace       used 5364K, committed 5504K, reserved 1056768K
  class space    used 465K, committed 512K, reserved 1048576K
}
Event: 0.979 GC heap before
{Heap before GC invocations=1 (full 0):
 garbage-first heap   total 65536K, used 20100K [0x00000000c1400000, 0x0000000100000000)
  region size 1024K, 20 young (20480K), 2 survivors (2048K)
 Metaspace       used 5364K, committed 5504K, reserved 1056768K
  class space    used 465K, committed 512K, reserved 1048576K
}
Event: 0.986 GC heap after
{Heap after GC invocations=2 (full 0):
 garbage-first heap   total 65536K, used 2771K [0x00000000c1400000, 0x0000000100000000)
  region size 1024K, 2 young (2048K), 2 survivors (2048K)
 Metaspace       used 5364K, committed 5504K, reserved 1056768K
  class space    used 465K, committed 512K, reserved 1048576K
}
Event: 4.759 GC heap before
{Heap before GC invocations=2 (full 0):
 garbage-first heap   total 65536K, used 32467K [0x00000000c1400000, 0x0000000100000000)
  region size 1024K, 33 young (33792K), 2 survivors (2048K)
 Metaspace       used 21313K, committed 21504K, reserved 1073152K
  class space    used 2430K, committed 2560K, reserved 1048576K
}
Event: 4.784 GC heap after
{Heap after GC invocations=3 (full 0):
 garbage-first heap   total 65536K, used 5925K [0x00000000c1400000, 0x0000000100000000)
  region size 1024K, 5 young (5120K), 5 survivors (5120K)
 Metaspace       used 21313K, committed 21504K, reserved 1073152K
  class space    used 2430K, committed 2560K, reserved 1048576K
}
Event: 6.347 GC heap before
{Heap before GC invocations=4 (full 0):
 garbage-first heap   total 24576K, used 19237K [0x00000000c1400000, 0x0000000100000000)
  region size 1024K, 19 young (19456K), 5 survivors (5120K)
 Metaspace       used 27523K, committed 27712K, reserved 1073152K
  class space    used 3164K, committed 3264K, reserved 1048576K
}
Event: 6.390 GC heap after
{Heap after GC invocations=5 (full 0):
 garbage-first heap   total 28672K, used 8499K [0x00000000c1400000, 0x0000000100000000)
  region size 1024K, 3 young (3072K), 3 survivors (3072K)
 Metaspace       used 27523K, committed 27712K, reserved 1073152K
  class space    used 3164K, committed 3264K, reserved 1048576K
}
Event: 8.784 GC heap before
{Heap before GC invocations=5 (full 0):
 garbage-first heap   total 28672K, used 19763K [0x00000000c1400000, 0x0000000100000000)
  region size 1024K, 14 young (14336K), 3 survivors (3072K)
 Metaspace       used 30863K, committed 31040K, reserved 1081344K
  class space    used 3638K, committed 3712K, reserved 1048576K
}
Event: 8.794 GC heap after
{Heap after GC invocations=6 (full 0):
 garbage-first heap   total 28672K, used 9491K [0x00000000c1400000, 0x0000000100000000)
  region size 1024K, 2 young (2048K), 2 survivors (2048K)
 Metaspace       used 30863K, committed 31040K, reserved 1081344K
  class space    used 3638K, committed 3712K, reserved 1048576K
}

